[2025-08-01 18:02:00] 23b70ea8e4425b369c034ea638014ad0c328bb1802f1373e2286ae4d1e32fcfa - BTC: 0.3058, USD: $8,869.62
[2025-08-01 18:02:01] 862ed6996c458edced5d2e42806d6aa2741ad9f0285534800b120603f47a40c8 - BTC: 0.0657, USD: $1,905.79
[2025-08-01 18:02:01] 99694939c1c8c1151255036f18af9645be31fb2615ecaca549a733242bc38627 - BTC: 2.9711, USD: $86,161.74
[2025-08-01 18:02:04] 805eb744e9e42ed8238954af7e640a2548b4336aa1bbae0b5b0c8ad6d92f6ddf - BTC: 0.2198, USD: $6,373.79
[2025-08-01 18:02:04] 7befcee336920dc7e368f4f4f3e1452374e3e5eed564f4ebc6383c295a337934 - BTC: 0.2562, USD: $7,429.84
[2025-08-01 18:02:04] 122fbf2cf269f4a40ed08534b08ce5597a1005b09a1a2f31470e8480b755d099 - BTC: 0.3038, USD: $8,810.82
[2025-08-01 18:02:04] 4bae439a2cb41124a3600c8c1c51ebce2d5840f0edb500f04c3e5ddebf94f680 - BTC: 0.3534, USD: $10,249.75
[2025-08-01 18:02:04] c7bc4a3e42b91bc81c4c3a10e38bb52da277e41af72b59f6623fd2f936e807dd - BTC: 0.2651, USD: $7,687.11
[2025-08-01 18:02:05] a4ed8e1073d4b982cc29614ac3458527c72e5047041a16125a771fc3eae2a2c2 - BTC: 0.3421, USD: $9,921.24
[2025-08-01 18:02:05] ae5e66cc02e3af259bb62b09d15229717903f2eccadf9d74e47ea506a98d1808 - BTC: 0.2681, USD: $7,774.50
[2025-08-01 18:02:05] c112f4d3a1a31b38957488425ee50fbf04857a50cbeb37bbeed598ec86ef9d3d - BTC: 0.0525, USD: $1,521.66
[2025-08-01 18:02:05] 295008db79647e6ddaa6f22c2de7f082a8dd327bc41f643ca0ba726b93a815cc - BTC: 0.2248, USD: $6,520.43
[2025-08-01 18:02:07] a4e9cbd21bee26eb6b6eca30195b00828ed3ca9396ec8cc1089166d0d7d024d2 - BTC: 0.8271, USD: $23,985.88
[2025-08-01 18:02:07] af4246cadf74717f3a180f21932dbd0804882ee3ae42a6f0943f5e3c0f22044d - BTC: 1.4520, USD: $42,107.10
[2025-08-01 18:02:09] 07ac24476e720097529918e56c4442819c22b3db8f9d8a5425ec6990920dbe8c - BTC: 0.2364, USD: $6,855.81
[2025-08-01 18:02:10] 73141318380d3f15e849c4da21cbbd093d0300f3171ef8b23938c3086344d55b - BTC: 130.8088, USD: $3,793,454.84
[2025-08-01 18:02:10] 202492745636dbdc9ec0accfd959e4e403e2939ce47ec2aaa106608187018a77 - BTC: 0.0708, USD: $2,052.05
[2025-08-01 18:02:10] a834a4c0356e769aee65546e14cb7d6a3c8c318811a9a2eb77d48198f450328f - BTC: 0.9322, USD: $27,032.42
[2025-08-01 18:02:11] 161c1e975a1182468a9e602b5406143f7329df8488f8d1afd1ec0bbd69fa9e62 - BTC: 0.2917, USD: $8,458.78
[2025-08-01 18:02:11] eee5d05957e03e5b5c5f4c7443fda21ca1617fc1f1c4ee383ad3d9f128ec37d5 - BTC: 0.9526, USD: $27,623.97
[2025-08-01 18:02:11] 55c7927331a427fea06d3977c279a7d2a24e3d6b79608f6e194ae9fd9edcadf3 - BTC: 7.2553, USD: $210,404.17
[2025-08-01 18:02:14] da8a4367be376f960297a58293238a5ad4aab9fa2636ac76c7d8e5755e640e3b - BTC: 0.0634, USD: $1,837.67
[2025-08-01 18:02:15] 8b7ee8690e6b497bf9af7f0f0b6159484d844a981c8f519e651d58bafa21801e - BTC: 0.5885, USD: $17,066.52
[2025-08-01 18:02:15] a13358d87e94202ae20770a68d755bd965a688fb4527f20a9515eff8ccde2c0d - BTC: 0.0617, USD: $1,790.42
[2025-08-01 18:02:15] 3f14c0d18a728a0b40694527cdaf770dd542274bee25746884d938c7b4a363f0 - BTC: 0.1580, USD: $4,582.11
[2025-08-01 18:02:15] e70b2ed6c20188f781b4754eca46b464da1c85d3715aad59cc89501e562635d6 - BTC: 0.0649, USD: $1,881.02
[2025-08-01 18:02:18] 4e8764351f17683b2712269618c4675c266b5414aee84c085a1ac4473d43ddf6 - BTC: 0.3147, USD: $9,126.64
[2025-08-01 18:02:20] b1d7f03f38fa6f9df71820797d29b8966e7e220bcc1bdbf8cf9c61d1a2017dfb - BTC: 0.1119, USD: $3,245.38
[2025-08-01 18:02:20] ad88f9421e5590c99d8db61dc28661ef93999b520f6c31c2d9ea2c3538757447 - BTC: 0.0760, USD: $2,203.46
[2025-08-01 18:02:20] 8ef5dbd5c7b54e990df5a74e106b60042a1d695305cedd24c7946a66d362a4d3 - BTC: 3.5908, USD: $104,134.48
[2025-08-01 18:02:21] 31e668925a1e607936b28fc3f7fb1b36944d634734f60f8102ec664246054a1f - BTC: 0.1803, USD: $5,228.49
[2025-08-01 18:02:21] 96076b507a0008b31c36800bf076aae6040b7e6410df7ed89a4511409ace2118 - BTC: 0.1094, USD: $3,171.92
[2025-08-01 18:02:21] e9feceb5aee32866ca4fd699b47bcc6266e08c0dca3853efefd303904743042a - BTC: 0.0760, USD: $2,204.48
[2025-08-01 18:02:23] 4ea4f251dc70e320427eb789f9b31958b6b73b81ff33ab3ab0202266329f2536 - BTC: 0.6177, USD: $17,912.82
[2025-08-01 18:02:24] 58788f9fb0945a851deb884f0674cd595d1b9f226ea32d140034b4a218dd0465 - BTC: 0.0480, USD: $1,393.12
[2025-08-01 18:02:24] 93d8fd1ed537424783059677d0df2cf0f1f88a67bf1ca6362787af5709419f26 - BTC: 0.0515, USD: $1,493.66
[2025-08-01 18:02:25] 150cd246638ffb1a047f4f243701462c49dd10f980728a9f759241c5696bc080 - BTC: 0.0598, USD: $1,733.54
[2025-08-01 18:02:25] 98af9881453dd93ae69138ea79c5161cd50234bb758abe07ea5c0fb38590a1b2 - BTC: 0.0596, USD: $1,727.66
[2025-08-01 18:02:27] 1f77d19e32406779aad265d41161ab460e5a182f9e136936e38ba0920c49f715 - BTC: 0.3355, USD: $9,729.96
[2025-08-01 18:02:27] 99145b2cf4a744d4d828663cbfebcb3c9fc35838db54cf264d03f68087e4c76f - BTC: 0.1098, USD: $3,183.60
[2025-08-01 18:02:28] 4398c45562069c740682f07784265e8de251bed26eabda25c71bccfd8e8df609 - BTC: 3.6684, USD: $106,384.90
[2025-08-01 18:02:28] ba6d4af6645d94c31a426f4442d2c2cd365980fe001ce2e597ec720b1a17bc10 - BTC: 0.3480, USD: $10,092.01
[2025-08-01 18:02:28] 7e13f010d29920ef0b218527e99e2c73ee107fd53733da2a6bc3954b74747e96 - BTC: 0.1414, USD: $4,100.40
[2025-08-01 18:02:31] 445087d6e8af814e76111f1ff0282f3bc99fd0b6f4c783b92133e12289abaa02 - BTC: 0.2982, USD: $8,648.06
[2025-08-01 18:02:31] 6f9a743de2ea8f072f0896c4a0e0e1114572aa1fa256fde0a153cf2d9cc9b4d4 - BTC: 0.1060, USD: $3,074.19
[2025-08-01 18:02:31] fe91507f327fbd3160334e3a5150627067e4f2d872d555bda31cebabbb16fa61 - BTC: 0.3141, USD: $9,108.73
[2025-08-01 18:02:32] 3c189c10fa3a75ff4644bdbe7344042a476de9c34a2cd9e7f2b39721e2f75bf5 - BTC: 49.9999, USD: $1,449,996.73
[2025-08-01 18:02:33] c27ff65680de7c01bdc9a22c01f978f09a35d083762d7eb7b963a2acdff93bc1 - BTC: 2.6166, USD: $75,880.32
[2025-08-01 18:02:34] e98157506d0421d59c2ac18b38b7c265734c778726b843bc34ac4914fa2343f2 - BTC: 0.0389, USD: $1,127.98
[2025-08-01 18:02:34] b81db24aac8cb781e09e32d77b37d84c28575856474fd9f9c887e8abac3b853c - BTC: 0.0778, USD: $2,257.37
[2025-08-01 18:02:35] 83c34dd385cd5543108940da2049aeac4eaa4a9e6057ae2fc7b58be11a73bf01 - BTC: 4.4251, USD: $128,328.50
[2025-08-01 18:02:35] c0aad68caf60d268ec6d3df149bca7ad0b66eb549a50c77b4ae26b417cc25cda - BTC: 0.0898, USD: $2,604.95
[2025-08-01 18:02:35] 9cd9d79e3768c1a1d18ab6fc9aa385b9717e23e262def5fe7dcd3554157347be - BTC: 0.3231, USD: $9,370.42
[2025-08-01 18:02:36] c4e62742637e60bca1f32a70fcf232f5f3a018721c36776ac5244b643fed4866 - BTC: 0.6160, USD: $17,864.30
[2025-08-01 18:02:36] e24d931dfbc9245e99e06b469401d4e8d20cefa6bf3151fb75833ee8a7b20378 - BTC: 0.7256, USD: $21,041.43
[2025-08-01 18:02:37] 72a32ed39d5eeac1ff7422c31892715621dacf8fecc77eaef56d90b3da798b46 - BTC: 0.5151, USD: $14,938.12
[2025-08-01 18:02:38] ec704beeb3e3c1ac325cf2707006e5baf962bf801e9e147a05c5f730843843d1 - BTC: 0.0899, USD: $2,606.39
[2025-08-01 18:02:39] ca25e81a61e22da93e6ae64ad2110d8dda9cdd51655f5f352a6d1dad0d837af8 - BTC: 0.5034, USD: $14,597.65
[2025-08-01 18:02:39] a0ef8883b9635db0cc26dfc7e4a4169712944bdc215253dd872414b4a11b1726 - BTC: 0.3103, USD: $8,999.05
[2025-08-01 18:02:39] fd5a60539772fe53a18e74ba3d702dc85a223436c20dc5fecbc12290936eb2e6 - BTC: 0.1308, USD: $3,793.96
[2025-08-01 18:02:40] 5d5922afb81afa2f4155b0cce6cd2cb47c39e460b1c0647612f094a199679417 - BTC: 0.4505, USD: $13,064.78
[2025-08-01 18:02:40] 0df602e5b7c2a00b087142e2dbeb464966756ac3e46b652df8d5c404cc4b246d - BTC: 0.2293, USD: $6,650.17
[2025-08-01 18:02:40] 4e21627045f193a706224d2e8bb9ae3af19456d29ef2b5df0c6fcc23d145a81a - BTC: 0.7809, USD: $22,645.55
[2025-08-01 18:02:40] 2fbb92229e6ac9b68ae254dffa9c31305d7b570e8e4d9b0d085edcb4cc66cb0d - BTC: 0.3702, USD: $10,736.14
[2025-08-01 18:02:40] eb4c08f4665f90a716ac0875094864b830688febb4684489fd5faae0fd2aef18 - BTC: 0.3534, USD: $10,249.42
[2025-08-01 18:02:41] ed441a5bea76cebdda9ee97bd2e8ccb1d2340976f1ed5c0e86f5a59af83c5214 - BTC: 1.6697, USD: $48,421.30
[2025-08-01 18:02:41] 846689203864ec7b3d18c7c8440c5a52b3255bf07cd33eb404b644df8e7bcdb6 - BTC: 0.3421, USD: $9,920.89
[2025-08-01 18:02:43] 6c4d97359cb4f526852e69875bffa35fe43f360d7c5a86ffbbf12071a3f2dbb1 - BTC: 0.0566, USD: $1,640.15
[2025-08-01 18:02:44] 72152d1e4d21f5379430eb9c554b7d80d1cac11ab59313e10da2c7acd8aeae40 - BTC: 0.2086, USD: $6,048.07
[2025-08-01 18:02:45] 442407e2c8f3dd61f3087f0881c644a59b7827a5b4c68dff99d47af574b6f16f - BTC: 0.7190, USD: $20,849.95
[2025-08-01 18:02:45] 69085b61e00c0d280531c159edbb8c113c5ce352f4cbc465a1d5fa3eb5e01aaf - BTC: 0.0765, USD: $2,219.18
[2025-08-01 18:02:46] 8f18aa182141479334a36826f6843647a7d07674a1df595e92b55b4354581cf3 - BTC: 1.0699, USD: $31,027.14
[2025-08-01 18:02:47] 03b837bdd4584b933a17541236cca9dcf6276d3ef0eb36fe46e94596d9e29de2 - BTC: 0.0811, USD: $2,350.81
[2025-08-01 18:02:47] b27d707c160dfaa2d4e1532bea512c634df72775cff9405cf378e29a28c818c4 - BTC: 3.7618, USD: $109,093.09
[2025-08-01 18:02:47] 19416d6797dd198bd5a48bc26a543e37060454fadf5cea17407bff5f6c8cdb13 - BTC: 612.0814, USD: $17,750,359.86
[2025-08-01 18:02:49] 7d35edd538bb55541c4f0235ba3255e47d9af4834f25235ca5884e378b3a4bd2 - BTC: 0.0354, USD: $1,026.42
[2025-08-01 18:02:49] 829128b8dbb55589cfdfbe97b272329cb6245c695826f86c4001f8ed9a99290e - BTC: 0.5015, USD: $14,542.32
[2025-08-01 18:02:49] 648bd432c9faa977ca472d37d56d687fd2f74e5a7fbeba044bbbfcec84ff340f - BTC: 0.2000, USD: $5,799.84
[2025-08-01 18:02:51] d117c57d51c973ebf1d4fe550843024a535c2d7d5a3e00f5616b3c53f95095e1 - BTC: 0.4594, USD: $13,324.04
[2025-08-01 18:02:51] 71ae59ec6e8f73a5398ee078d621d0cdd1907a490f30d1d9b96ba0580468cc90 - BTC: 0.2562, USD: $7,429.48
[2025-08-01 18:02:51] df184fce92674c3e2d1f5081f442da5fa763745ccc68d05d520f681499e43763 - BTC: 1.7652, USD: $51,191.89
[2025-08-01 18:02:51] fbe63e3f8f2f8f0d0238456d24bfb1a694a6cc46008203bbce228548334b6172 - BTC: 0.3038, USD: $8,810.50
[2025-08-01 18:02:53] 896072191e9774cc29b428cb32815f610f5d7c78bc9a8f29f0b297b35bbba7d9 - BTC: 0.0621, USD: $1,799.47
[2025-08-01 18:02:57] c087ebed8ffc7903a1466cb0fee286975bfe4dd50f9d4fc971315cc5ae320a8e - BTC: 0.0398, USD: $1,153.07
[2025-08-01 18:02:59] 7b2d39b430ee38e17e17c8ba7173773f648408d706044c69f3c7cc00f65148dd - BTC: 4.2968, USD: $124,607.88
[2025-08-01 18:03:00] 2b90e9eaf6d8c018abf824432b2e1d2b0fdd8865d87f82b16cfa834383535dbe - BTC: 0.0782, USD: $2,266.62
[2025-08-01 18:03:00] ceb0731ab474ddc4f350a40fdf22deeb15ace80e8a383cb863452e3dfa9c7112 - BTC: 0.0377, USD: $1,092.65
[2025-08-01 18:03:03] 99410181ec355630fb85ce93642d8c41ce5859f7109172fd608df35bbc5466fa - BTC: 0.1866, USD: $5,410.93
[2025-08-01 18:03:03] 3d09c1c0e2416c9ecc82c1060374b45b2985e2b76213ec5db031d7f44dd12ab2 - BTC: 0.6103, USD: $17,699.56
[2025-08-01 18:03:04] 97880b9631351c2d741125f0d1afed902f3819d84f30730b869afb09d7838c2c - BTC: 1.7682, USD: $51,279.13
[2025-08-01 18:03:05] 805b04a11dfa8bd2a2b225cdc020241fe65054d0667f16d4476e436612622b09 - BTC: 1.0474, USD: $30,375.93
[2025-08-01 18:03:06] 136c0ee6a8ecf63c9e8e5498fc4440417bd862fde58ba0f3b5a0a02240c752cf - BTC: 0.0647, USD: $1,877.24
[2025-08-01 18:03:06] 33f98e0ad2c97cdfb48ef0224254e6c7fcc3db1a3e1ad56ba2868cfd7d371771 - BTC: 2.6855, USD: $77,880.03
[2025-08-01 18:03:07] ad3ed2903954b98c125ef452636cf79de2d8728c11ff75c5b500fae4c242268a - BTC: 0.3549, USD: $10,292.89
[2025-08-01 18:03:07] 9ecba3ccccc466f608ca924b6489f191f9f076a4560da913291b9647ac218b7f - BTC: 0.0884, USD: $2,562.63
[2025-08-01 18:03:08] 455226c72b0038be8894bdbb2f6b62fbfe8618e11cf1b6fbd166b46964cce68b - BTC: 0.4743, USD: $13,754.32
[2025-08-01 18:03:09] 1d747dcfccaacc9ad06309c9c1ef9d439c6bf9480fbea468379aed8e416ee89b - BTC: 0.3510, USD: $10,178.92
[2025-08-01 18:03:09] 54c2c01031c10421617aa762c69c34758550907cbeb8ab538aa98ce42c5a820a - BTC: 0.1226, USD: $3,554.87
[2025-08-01 18:03:09] 3faf70c799de7a1cdbb5b4a4fa01273816fb0e2b7e3adfc8c2c0ed63a0d9f889 - BTC: 0.7816, USD: $22,665.39
[2025-08-01 18:03:10] 3129e893169657723fce351c5eca4dc694183d964f71b704e8ed846d66d5563a - BTC: 0.0438, USD: $1,269.19
[2025-08-01 18:03:11] 4e44bf25c030b40d54a31788704f4f96027381e6b2e99b340af5051f42791e50 - BTC: 0.9619, USD: $27,894.65
[2025-08-01 18:03:13] b509e3d826042e0b1a37fed513bff5afb7483e8e4db70def791c304b5d71a30d - BTC: 2.7480, USD: $79,690.96
[2025-08-01 18:03:13] bc3f8f4cf21973700196117e0ff5c9f2a6dae5c585038cdd35670bc7621ff9a6 - BTC: 3.3904, USD: $98,320.53
[2025-08-01 18:03:13] 9fc7f5e2781ecfa733f74a23523fa9648925300af62f77c3d7e7ab6f347a7c59 - BTC: 0.4881, USD: $14,155.51
[2025-08-01 18:03:14] 09f0e31ab59f874d97fe6e98017ac036ad6bc57ad36c4567213b8f00d28cab4a - BTC: 5.0000, USD: $144,999.58
[2025-08-01 18:03:15] 81aaaee90f90dd55b41e1173dade27092f1708e397942bc96eff51fa2b9ce602 - BTC: 0.2743, USD: $7,955.29
[2025-08-01 18:03:16] e594b0d70e79e3dc2162f4f80edb0fa3c6f9578f8402a10a602ed55335a3b2f1 - BTC: 1.0000, USD: $28,999.69
[2025-08-01 18:03:16] 2bdcc0a85684484c5d8483175ae2d27a9afc4e1d8223129b5fae475a5f6c45a9 - BTC: 0.1788, USD: $5,184.70
[2025-08-01 18:03:17] c89d963c15684321ef663e76d76d5dc4a1bbc5d324c0c067e08c7e037e214dbf - BTC: 0.5003, USD: $14,509.22
[2025-08-01 18:03:17] a0fc4662f20a04f73aa8307e36b15924a7c842743936701ffe86453bea9514e0 - BTC: 0.7000, USD: $20,299.48
[2025-08-01 18:03:19] aadbb8e70cbbf1ff0b9bef494315d4c42c05236f111ec1152747ae895523fe82 - BTC: 2.0545, USD: $59,579.57
[2025-08-01 18:03:19] 2e467d9362851ebc291f77239e73271ac0452d54221069eef6d04db2605cfc0d - BTC: 0.3231, USD: $9,370.22
[2025-08-01 18:03:23] 33fc5b9a184ba4b8f8211669aaae16e207c46dea4d6670893002c2a2a5b0f4c9 - BTC: 0.1100, USD: $3,189.48
[2025-08-01 18:03:23] 666e137b456a41dcb5ced68e07c4ba3a8c37fa6914d9a746a47b6034e3649959 - BTC: 0.0746, USD: $2,162.34
[2025-08-01 18:03:25] a29be4e3e83e82b305a13fbf1adb39cf99b0bd70ca6850493ee50c01dd81f989 - BTC: 0.5034, USD: $14,597.35
[2025-08-01 18:03:25] 74568eb72e7c96571ef710489325069b0ad101f479114691b93b6da5cc71ee16 - BTC: 0.7256, USD: $21,041.11
[2025-08-01 18:03:25] 66b2722cd0baaf9a9ecc2127bb4a61dc40aa2393445203c179087b932e7c4391 - BTC: 0.6160, USD: $17,863.98
[2025-08-01 18:03:25] 17c3f0a1a9e050415711f04495bf67f0711cba981a8f323e9050aa0f589af00e - BTC: 0.5151, USD: $14,937.75
[2025-08-01 18:03:28] d2663336fd3fa20aa7c487b21310e35b0464f9635ca888ebd590ecfd4c734d0b - BTC: 0.3103, USD: $8,998.75
[2025-08-01 18:03:28] 9d1f48f85527c3b07afb708f7b22371ff3d86d559e11529c7c3bde4d1769f54e - BTC: 0.1657, USD: $4,805.97
[2025-08-01 18:03:28] 8328763de88e0cdaed50e1a180c943a13410629a3bdfd3076366cf9255187e4b - BTC: 0.1500, USD: $4,349.62
[2025-08-01 18:03:33] c9c62dfe5293418f7687e1f532797510734d710b91a5be23c010ed91b5181d38 - BTC: 0.2293, USD: $6,649.82
[2025-08-01 18:03:33] 9201c5a8d18096076ec32787181f2749a64a3ae20740bfa86f420cf622607a26 - BTC: 2.6203, USD: $75,989.20
[2025-08-01 18:03:35] 98ff5e8f848dbbb9d6e8a18d54b1bc386b9f01c94f726c409ee1d253a5000e96 - BTC: 0.1832, USD: $5,313.26
[2025-08-01 18:03:35] 6832cf3ad115139245457363905f9c3add1c9db1151bfc8c90fcd7d3a4b666fc - BTC: 0.0477, USD: $1,383.80
[2025-08-01 18:03:37] c0430fd287db7c70c9e53254da1195eb33d0d66c8ae6e35f5a1a482839627f7f - BTC: 0.0774, USD: $2,245.97
[2025-08-01 18:03:38] 7bf181dc134c432ac89bed8379b4fcc86342506e2d23f1247d448ec17da4d1d9 - BTC: 0.0435, USD: $1,260.55
[2025-08-01 18:03:38] b7e575f76e8d8acdf8b581c2472f69ec8c1436223dc21c1b8a1f397d90297632 - BTC: 18.5094, USD: $536,773.81
[2025-08-01 18:03:39] e30cbe78a1a996ee377f8341ea799b772ec434615f84d55cac34bb8fe08af3c9 - BTC: 0.0713, USD: $2,066.68
[2025-08-01 18:03:39] d255c0af14ec30b5667dcff3ee26bc031dbdf4cada9e306923d838b369030def - BTC: 1.0595, USD: $30,724.78
[2025-08-01 18:03:40] 31ca379843cf2b251908b565cb70cd266ca244417f088eb79a453214ca17c641 - BTC: 0.3702, USD: $10,735.79
[2025-08-01 18:03:41] f01fab5f0668d131886c3bb8b9f5463dbe540bc3dadea22212bd4081a43ecf85 - BTC: 0.6382, USD: $18,507.00
[2025-08-01 18:03:42] 7f95ff20f48ee15eebcd6e0c17a2bf149151ce710fea08d17136e6974214c1c8 - BTC: 0.3534, USD: $10,249.09
[2025-08-01 18:03:42] 2187954e44ec11c500370b39b789ed929eb0e3bfdf1818ad9a22fbcf01c25150 - BTC: 0.1823, USD: $5,287.82
[2025-08-01 18:03:44] a6f006ccb50300a11c4cec1a56687ff20bdf68b7bb2d4e4568339083d7d412b7 - BTC: 0.2198, USD: $6,373.32
[2025-08-01 18:03:44] 610cb7bf0d7574193efde8b9ca96c8b884dc9df375bbae9db6d6755dca5444e5 - BTC: 0.3421, USD: $9,920.53
[2025-08-01 18:03:44] 1b25e912ec712c694d200c33c3b36ecf48ffcfcab7496acb5ac7e4e28ae38549 - BTC: 0.7732, USD: $22,422.21
[2025-08-01 18:03:44] b06b8c3b3c717736aadf62abb4fc608ad05cadf73d8bc58c291ae10a01986152 - BTC: 0.3038, USD: $8,810.17
[2025-08-01 18:03:44] 98bb292a8dfb714586f94f78b7158d7fa235326859e29371760614836fc06817 - BTC: 9.0000, USD: $260,999.53
[2025-08-01 18:03:44] 84ca20c6d1a2cf78d67366b1ad77895b7f79d258fbf5f0d4b32e94f6a00b5f2a - BTC: 0.4499, USD: $13,045.79
[2025-08-01 18:03:47] 02e4d8c7d64e8773b8d7aeebd84e8968d176d3d541048a7bc654b84376ca40c4 - BTC: 0.1091, USD: $3,165.12
[2025-08-01 18:03:47] 425818f45dde47634ded53f6729a2028952f8bfcde5c1ca0840fe365394631a0 - BTC: 0.2562, USD: $7,429.11
[2025-08-01 18:03:47] 6aa5a8d62756e97e1bcecac912c1c9cb99bb9402a7ee954e9513d907e7f1515c - BTC: 1.0440, USD: $30,275.85
[2025-08-01 18:03:48] 1a222639a6f12c9f6326b8d5840b839885c025fc6d696663fe1ee3b13b547029 - BTC: 0.2681, USD: $7,773.92
[2025-08-01 18:03:49] fdbe8b4e76116b676ee03700cf6cb38839b8db16493a54b1ebe3b054bd4e970d - BTC: 0.2836, USD: $8,225.35
[2025-08-01 18:03:49] 69fd560df7fad359b7fea0212136c273a14114f556f1cdd9247ae1bd1852e38e - BTC: 0.0523, USD: $1,516.23
[2025-08-01 18:03:49] 98dc1a025c2313522d380aeb1b8501b78a5d832320fa25a47cb1d735a80d1e0e - BTC: 0.2330, USD: $6,757.85
[2025-08-01 18:03:49] d970f49d8e8ca77ce38af1720df5f00ef8237e1d6a79be0f4fc07b01f2f7bbe3 - BTC: 0.3128, USD: $9,072.11
[2025-08-01 18:03:50] c1fe23d941908be225e974e2daa560549dd37e4a7f4852cef9968a144aa1b154 - BTC: 0.1786, USD: $5,180.21
[2025-08-01 18:03:50] 401f37b796c9893d00fde9f09f484dd84e66f1649cee6027bd9f2cc17bf91e5f - BTC: 0.2531, USD: $7,340.58
[2025-08-01 18:03:51] f20f635a6542dade03eaad5a8e7d8f4be92e3f5ccbea4eed3ba8206740054b42 - BTC: 0.0816, USD: $2,366.38
[2025-08-01 18:03:53] eb43d44d9bc593419278a68483b72eec7e20d4f820d1ece4f24aaf3c9f73f7c4 - BTC: 1.0013, USD: $29,038.76
[2025-08-01 18:03:54] b9cf8836a18ae6840d88cee8e5603822a6f2146795a2df5f40753c405638e782 - BTC: 0.7617, USD: $22,089.64
[2025-08-01 18:03:54] f3372773b1cc9c1880c697f717dfea739ed062b518004ddff7d92460c494fe18 - BTC: 130.8086, USD: $3,793,450.33
[2025-08-01 18:03:56] e87e9c223931ee8065ce1c0c1e605983cb1e8153855882e916b39708b4871e98 - BTC: 0.0504, USD: $1,462.79
[2025-08-01 18:03:58] 5627c9e1da1bdae881fae1ecfe514ac11401e79d88cf7fda92e4378e12635a89 - BTC: 0.0576, USD: $1,671.72
[2025-08-01 18:04:00] 38c371f02af872d162d6ecb5ef961e796031e36806231bedfd330d12df621906 - BTC: 1.1531, USD: $33,440.19
[2025-08-01 18:04:02] 4b50bca5bcf502a28fd67b8fa631aca7e0090d5ea2d59e8a3305d738c7ce33be - BTC: 0.3115, USD: $9,032.66
[2025-08-01 18:04:03] 0b0fae0b2b3a984c790dcd06f3cab14d080b71767d1df43434ebd33bb311fe75 - BTC: 0.0376, USD: $1,090.95
[2025-08-01 18:04:03] 26b1cad799c5d55a3ca89e63846a275640bda783b53ae34532ffae2ea800e66b - BTC: 2.5862, USD: $75,000.61
[2025-08-01 18:04:03] db1b79a41d4b01e424741fa5a86f551745ccddbdf2eccebe0525dd501fae5a03 - BTC: 0.4977, USD: $14,431.94
[2025-08-01 18:04:05] 14d3d05a030a61b10e42072e5f96978ebb5ca9638ff226061bf14a04a0d78646 - BTC: 0.1079, USD: $3,128.58
[2025-08-01 18:04:05] 906a9844c7e2dd7d573fb61093a1d71f387b4207f8d9dd03c7d4a53e58552d6b - BTC: 0.0580, USD: $1,680.88
[2025-08-01 18:04:07] 5e9163435e9f97a35dfc2ec9a4bf2be617113dc69ede90e769676e3041c73f49 - BTC: 0.4421, USD: $12,820.20
[2025-08-01 18:04:07] 49046a74e1d5c7fa16591f68804abdb46d9fd51eac2831d4d3bd53d531e86d53 - BTC: 0.1500, USD: $4,349.25
[2025-08-01 18:04:09] 2d6df4a365d8536cd640884ad1286ed6dda74b558058611d1ba3b8e4112881dd - BTC: 1.6292, USD: $47,247.39
[2025-08-01 18:04:09] 7bb75518a7656e083c0e45c3426f3bc97dd96214fb77f85b4d64cdf1bd7c5d33 - BTC: 2.9711, USD: $86,161.48
[2025-08-01 18:04:09] 63d5cb10cb6866d510c2275f2acf1ae2bd18951e674866131fae574c742cdcc8 - BTC: 0.0537, USD: $1,557.91
[2025-08-01 18:04:09] a7a6a2f8924175854f1375b5da1e45e693369e3b8a6fe03ee90ff623ad9f1c4b - BTC: 3.7608, USD: $109,063.86
[2025-08-01 18:04:09] 8bd278d1d6868e36041099a83d61098c05bf3bfb0b01214b5641038520bfd408 - BTC: 72.1309, USD: $2,091,796.30
[2025-08-01 18:04:11] f51265a88c1325b7408e53ebd5e15cc06d49f33e612bb5d7bb94e2cfffbac260 - BTC: 0.0369, USD: $1,070.39
[2025-08-01 18:04:12] f6e4c11edcf25cf8007df6aef8673cfba6a3566eb36ff23a90a7a5e711d734ea - BTC: 0.0481, USD: $1,396.16
[2025-08-01 18:04:12] 88d74a3cd5accbdc258e4022da7c3993b0bb62f8d1d9ec5db728cd19389cfb7b - BTC: 0.3629, USD: $10,525.29
[2025-08-01 18:04:13] e9063d9ae175c68b79a38dfdf89b255642214c05955e905671fc235a3c873432 - BTC: 0.4950, USD: $14,354.72
[2025-08-01 18:04:13] bab4fed2df86ba791a135a7337d8a37d2b6a3ce200becb1af0d9660ea289bdae - BTC: 0.4870, USD: $14,122.80
[2025-08-01 18:04:21] 2dff2655f6a99f081156e3d7dc1dc28245c3c6e2ff44ea3622e4477f90ee82c4 - BTC: 0.1040, USD: $3,015.58
[2025-08-01 18:04:21] 0534bba086b7d7198b34c429ddce074f8014eb669b55762ef0588f9b311451c7 - BTC: 0.2019, USD: $5,856.52
[2025-08-01 18:04:21] 38960f770c584c7dfe2c1818a2b0d85e8886d43f8ee44ee76c708ac7f8e998b1 - BTC: 0.6946, USD: $20,142.39
[2025-08-01 18:04:21] fd065397d85c3be7674ecd65dfb639f71deb393a7a7b4bb06378ee4c729310c3 - BTC: 0.0978, USD: $2,834.85
[2025-08-01 18:04:21] e90de546b93fdd9cba9b9ce4ee83214e3238791fef76639c467698e10b0ac086 - BTC: 0.1653, USD: $4,792.83
[2025-08-01 18:04:21] 9dd426e9165c4233954971e0f15b4008f3d8f0a038665e15fba863e29a1d4d61 - BTC: 0.0692, USD: $2,008.20
[2025-08-01 18:04:21] 6fb03e65efe2343bce34a2f408c551bed30b1eb0e67e851a7d8c7bb1bd38ecb5 - BTC: 0.3231, USD: $9,370.02
[2025-08-01 18:04:21] 5902c61ade9a540027a50ff7567694b92039cfaaace910a1e9fd1891badd122c - BTC: 0.6160, USD: $17,863.66
[2025-08-01 18:04:21] 1ffaf235c479f599a9be13880a34df5dd29d8fde3ef549a45ddc86d53c41b784 - BTC: 0.0872, USD: $2,528.17
[2025-08-01 18:04:23] c956760a4d1fd1a97c9ad326b4321628fe71e07936a858fb6d38700ab2f8a73a - BTC: 0.0437, USD: $1,268.14
[2025-08-01 18:04:23] da11a25ed882950ff200388ee17fb553f62ed6f47e5d0c94ba58da323e4905a1 - BTC: 0.3886, USD: $11,268.17
[2025-08-01 18:04:23] c3ed1a866c4db48abf66515e7f4b5290b689db2ca97dfec257ffd0e573f7f16c - BTC: 0.5033, USD: $14,597.04
[2025-08-01 18:04:23] 0d4eed28837d916705ced368eaff9d9b966816d91e02a7651e07c34d18d38f49 - BTC: 0.7255, USD: $21,040.79
[2025-08-01 18:04:23] 3afa5af0346f166f56646269a5915fbcf88811006235dce0aa7f29944fbdf6d9 - BTC: 0.6174, USD: $17,903.81
[2025-08-01 18:04:23] a75b29450b01ea0d03886b171839eaa536fd14a9067d2b8c94aea63f1019cedb - BTC: 0.4814, USD: $13,960.75
[2025-08-01 18:04:23] 16d9a03d400145110f234a6c9aac828d885a70325a5a78e06fde6158e00a4d4d - BTC: 0.5151, USD: $14,937.37
[2025-08-01 18:04:23] cd5164d781bc15216c25db8b655cc98ec3d2608246028e6019dd190abb7fe3f8 - BTC: 4.5500, USD: $131,949.51
[2025-08-01 18:04:25] 7287a23dcd35cbcb9fd3a03fe90d5a39f5006299f369c8005b3493ea3d5a37e3 - BTC: 0.3702, USD: $10,735.44
[2025-08-04 12:23:19] 36e056cf5ca4ff5ee7a4e029bf16664e80bf6ca68dd5d1a79f98708efa424529 - BTC: 0.0411, USD: $1,191.01
[2025-08-04 12:23:20] 3bb56177e5495ca952b96f3476d0b6ca6ddfb04cfc4cd35e86b8ce9b1dd7d4f7 - BTC: 0.0512, USD: $1,484.36
[2025-08-04 12:23:20] 5ced4183afef3bbc99439448f6b355fac006b75886b6353a2eeb87c4cb5abe44 - BTC: 1.1501, USD: $33,352.32
[2025-08-04 12:23:21] da32f0a098991b0e04abfc5e9c23699348851e9879c059aa94cf4cd1c317716d - BTC: 2.2378, USD: $64,895.61
[2025-08-04 12:23:21] 365f0c146f1ab9690102c546d05bc55054f60b6efadae35dbc38e7995211cb22 - BTC: 0.0923, USD: $2,676.85
[2025-08-04 12:23:21] cef434aba6747eae9fab3eee720fe1086cac96b3498d2c0cd20fcb3cdd9deb75 - BTC: 0.1167, USD: $3,383.20
[2025-08-04 12:23:21] 478e71da7e9052abbc2858e9a2b382f112ccad254cfc3ebce203e91e44cb07e8 - BTC: 0.1098, USD: $3,185.58
[2025-08-04 12:23:26] 8590ba7bde1c2ef64c687621ed1ede49e3690baffea9773a5c338405e98c354c - BTC: 0.0477, USD: $1,382.63
[2025-08-04 12:23:29] e81a9a20c40eac9eed633e289b7515ef83aeec2a03e4055ea35405d93a10ac62 - BTC: 0.0489, USD: $1,417.90
[2025-08-04 12:23:29] 3b524fdfe3e6494ff175d11086882777760694c627a9f19ecd358b0cc99479aa - BTC: 0.6817, USD: $19,769.19
[2025-08-04 12:23:30] 14a9b0b2268a7c8631304b56ec7e31f577a7d8f9648a9960b8a36fa2d3e9b292 - BTC: 1.9207, USD: $55,701.27
[2025-08-04 12:23:30] ce5ca4863aabb4f78ddf959e911f4248c573d4136623870c8ff8d0983bd436a3 - BTC: 3.6148, USD: $104,830.43
[2025-08-04 12:23:31] 730977f373859f076bcbe5adfb3e6ee28a5c9616d3dd9f6824855c000e259057 - BTC: 0.3233, USD: $9,375.33
[2025-08-04 12:23:32] 3bb3053e4fbc4407762bf50de99f0438eceed5212564a32395f541a011db9b50 - BTC: 0.1460, USD: $4,235.08
[2025-08-04 12:23:36] 36a0b64382d297ef61e4ecc737b27338af549ac379cec617dfe56bbf9c355fe6 - BTC: 0.0915, USD: $2,653.77
[2025-08-04 12:23:37] 4c03f8ff580703c1b940facfdcbbdedab3b29a4c39940e7c7f905f12f27aa71b - BTC: 0.4169, USD: $12,089.51
[2025-08-04 12:23:38] fec25cd31f7a6cb67c6ef61656e13f0067c95de680ee8695df5fce5cf2be8fb2 - BTC: 0.0872, USD: $2,528.20
[2025-08-04 12:23:38] 6677b1381af27cd77f32be69436137b75ec2e0a16a3d0542ac65a9ffbe8eb942 - BTC: 0.9486, USD: $27,509.48
[2025-08-04 12:23:39] e67afa3fb44ace4411588f1fb58f4afa83ec657df838bb867d0ab28e9c987675 - BTC: 0.0511, USD: $1,481.82
[2025-08-04 12:23:41] 55347854dad0e51a3a0e544b2c5b18714ec1b76df14357ed38ab1c697375f5fc - BTC: 3.8760, USD: $112,405.01
[2025-08-04 12:23:41] b75958b0b631e84d328453d7e36fb7e5ccd156263faf7ac738a35851fe1bab85 - BTC: 0.0765, USD: $2,217.22
[2025-08-04 12:23:44] fd846fe4f0c65266f55726e87688ba8e26f92faae5223137a3c734835dc20544 - BTC: 3.3865, USD: $98,208.47
[2025-08-04 12:23:44] d65a59adeb945ce3b14fb4acf2d895b664d1b1144e22cb12febd3ea477aa5e8f - BTC: 0.0445, USD: $1,289.63
[2025-08-04 12:23:46] b458bfad886e0b8a59607704ac99aa39716b9da54c4e89af44a5aa438cca68fc - BTC: 1.7446, USD: $50,592.95
[2025-08-04 12:23:49] 26794e69233a7fbef31adea088395754cf601913e0eac9659fad560aa74813b7 - BTC: 0.4742, USD: $13,752.11
[2025-08-04 12:23:49] 0b48a4ea425bc41824210573e26fabdc7a143a20c8a3f6d23f96811c9500c68f - BTC: 6.7824, USD: $196,688.20
[2025-08-04 12:23:51] 4f332b2c05016d4a8c18b668769520be1626cff707770c43d8937d9bdaf7eb8c - BTC: 0.5333, USD: $15,466.92
[2025-08-04 12:23:52] 8e3908fd28bbfd61da4a50d4b683297e7f564a241a4dfcd45304694d3e196ae6 - BTC: 0.0507, USD: $1,471.14
[2025-08-04 12:23:56] dda281c6e08129698c74d7f4f487c17628c0e8ec08b82159788f61befd9219c1 - BTC: 1.3690, USD: $39,701.88
[2025-08-04 12:23:57] 49ffb5441cfb21b4e3079c818a4edce5feefbbf67977ede37ce7b595a1a71069 - BTC: 0.6594, USD: $19,123.60
[2025-08-04 12:24:03] de50eeef9ddcbf6d2248042a2373152f53f4db786e6674ea944bb8ecdaf1782b - BTC: 0.0936, USD: $2,714.48
[2025-08-04 12:24:06] f0196920ad1da30e5913ed772b2b9ef32cd44f07387e6d22f3127a09f6e58171 - BTC: 0.0443, USD: $1,284.03
[2025-08-04 12:24:06] bee4bcc0e8f73fab5cd3f65ac90a953f621a615123b11f44e4821be61b0ad797 - BTC: 0.1825, USD: $5,293.00
[2025-08-04 12:24:07] e6ef74ad6d2b076ee687c038bd75a9a66349bf6b0ddbe8b9ea8978a2d931d02f - BTC: 51.3978, USD: $1,490,537.35
[2025-08-04 12:24:07] 9ee6251745095f4e9bd28bfddb82bbf4452426314601933499b4877e90c688c1 - BTC: 0.6166, USD: $17,880.95
[2025-08-04 12:24:09] adf49cb9e80676bbe6429c2242a531bfcc2b6ff3175e907735414226da46a5d2 - BTC: 0.6859, USD: $19,890.75
[2025-08-04 12:24:11] fa44f7af4bf498d0c0bb496d9a4b98ad046be741b4c9d788e2a1ecfa8528a774 - BTC: 0.2772, USD: $8,038.13
[2025-08-04 12:24:12] fda6172361fff2d54524f55c9784ddb3dd33cdd91e6e0c4d2fec5ce5db6309f4 - BTC: 0.0700, USD: $2,031.34
[2025-08-04 12:24:12] 042bfccdd07ec8d12735fa6263c84a97de1efeb1653ce712eb02f11f23bc1053 - BTC: 118.7981, USD: $3,445,143.65
[2025-08-04 12:24:14] 56524b4325c848ee102c5de268897fcecb273978f9887328af183939a0b06f3f - BTC: 0.5207, USD: $15,099.00
[2025-08-04 12:24:14] ca85059ebd238017cddb2e90f843e25036344fc0e2a0e8a5dc91572cb1c02d43 - BTC: 0.7130, USD: $20,676.64
[2025-08-04 12:24:14] 64f0790b9ad757bfd070b275e68b8e3a1677cd1cb9380e52dd36c6180c867fd1 - BTC: 3.4922, USD: $101,274.84
[2025-08-04 12:24:17] 891231fb855fefd2fd1d3db6459b83298b8ca8f6bfe1abc50f0c1113e8562a83 - BTC: 0.1002, USD: $2,904.44
[2025-08-04 12:24:20] d4f05e62c212a11dce44e68d0efaf9d8c1499900a0a4b455ae4f368dc604bdf8 - BTC: 1.6839, USD: $48,833.82
[2025-08-04 12:24:24] 1909f9546e95d5e2fa78fa02a3137a62d2c186c5635a46bcbd878c625a21ed6f - BTC: 2.2136, USD: $64,193.85
[2025-08-04 12:24:31] f96a8ef96ada816c54031584e712bf7197934658fcf408d6cdf7885534f8c38c - BTC: 0.0903, USD: $2,619.57
[2025-08-04 12:24:33] b0c72aa05cc90a98f449ef04d7c17fae175f4d848fd934d4315b66aa56e2238e - BTC: 1.4388, USD: $41,724.64
[2025-08-04 12:24:35] 6ba0bc7f438625df4656bbbeadf25997bb33345a28ce5053f02a3cc407880dc1 - BTC: 0.4794, USD: $13,901.39
[2025-08-04 12:24:36] f003fd9c419e173d341eeb87d10ef6d2f5c7765f193ad0c35cbe09cf98f9feee - BTC: 8.4835, USD: $246,020.47
[2025-08-04 12:24:42] 4aaabbbc3e6a9e33ef8984360507f040c1471b9f19e35d11e9a1b067b80f6af2 - BTC: 3.0477, USD: $88,382.65
[2025-08-04 12:24:42] 20177159483901a587088984821d16f215cb1bd1af6eebbd87b50ded2f0aa74e - BTC: 0.7770, USD: $22,534.03
[2025-08-04 12:24:43] f58aadf609510f624e71e83c63a013fa33b87f3df0c574063a22fe502d946fde - BTC: 0.0777, USD: $2,253.16
[2025-08-04 12:24:46] 774e2fc827f2ee20e5adeb24a12d377fcee8160d1665a21cb96d3a6ecfa0dfdc - BTC: 0.0574, USD: $1,664.58
[2025-08-04 12:24:46] 530dadd8497b6c425d5fbbf017ebb3b32a042402a519e1c6b17a96629bfbba9a - BTC: 0.0349, USD: $1,011.88
[2025-08-04 12:24:46] 024245a23d9f52b46015294dace48f5c62764da5e91467da21164c89d13420f9 - BTC: 0.0651, USD: $1,887.22
[2025-08-04 12:24:47] db7606e4a59c7454acf99f34ebf8936442ab552d5363a57cd9e78ad8e15c8b66 - BTC: 0.0800, USD: $2,319.75
[2025-08-04 12:24:49] 64bc658e5b4323ff2d0382f9c15efe4c9f4c18f81100cbf698f57bd307572426 - BTC: 67.8473, USD: $1,967,570.31
[2025-08-04 12:24:49] eae659b3fb192b1dc91e7e1ad482f4f021aba2fa30acaccd7c267f69d0474e86 - BTC: 0.0672, USD: $1,950.21
[2025-08-04 12:24:50] 9074310e6de6cb4359094b0e2845a5651da7489cbe8ce673717292f9d6ab39da - BTC: 15.9374, USD: $462,184.24
[2025-08-04 12:24:51] a644e0530702d10cc73409250b4dc3ec7eae0cb82f15b2a85c9a716ac5a701b4 - BTC: 0.0933, USD: $2,704.27
[2025-08-04 12:24:52] 8401fc97f339c1277feef1fc3265ebd4f10df74d807a81e93c9a14f6d955c475 - BTC: 0.0792, USD: $2,297.52
[2025-08-04 12:24:52] 395adcd6826ea86f34ced318787fa235db880bc22ad4916843ec9d9372159c7d - BTC: 1.8231, USD: $52,869.14
[2025-08-04 12:24:56] ae0f66076ca224366f6b814e5d487e98563008337276feda3b00d540a81aa38d - BTC: 1.3000, USD: $37,699.92
[2025-08-04 12:24:57] 211027f7eb1fb6ebac0f8ddc5066c0fd055876112be96d773dc648d3c63c61c1 - BTC: 0.1295, USD: $3,755.59
[2025-08-04 12:24:57] 94d476ae2f1847c5b6fbcc5d7a833612070dcbc18b808b412e22b7c1b15a412e - BTC: 0.1417, USD: $4,109.40
[2025-08-04 12:24:59] b8a503ff421a3edb67404f9ef1a884d2e6da029bc8a4abf979048cfb54f85c64 - BTC: 0.4595, USD: $13,325.67
[2025-08-04 12:25:01] 447d6702c0d486a8f34420b455a9fa6091dc10f0214dc2e524c78cd09bfb77ad - BTC: 51.0007, USD: $1,479,020.33
[2025-08-04 12:25:03] ac57c23ebe55513fffbeb6eb42ffe32229a4e0f777209b55ddd007e80ba2ae85 - BTC: 0.3657, USD: $10,606.60
[2025-08-04 12:25:05] 02d352872e2d87f0f998426e354ad0a2c4b64b3a45e5202a4c66df54d725de3e - BTC: 118.7980, USD: $3,445,140.98
[2025-08-04 12:25:06] 05c3b59d0bf8a15ca9ca1a8cf72cd93f89a19604615bd6169a061746ae2b014a - BTC: 0.1397, USD: $4,050.32
[2025-08-04 12:25:07] 62641ef3b26792601a3ba0b855c62e295d4fdeedbf10e538ad3265d00cb07609 - BTC: 0.6115, USD: $17,734.74
[2025-08-04 12:25:11] 88061f1397e356d9e6e1d87ee8151fff90c256dc04714d1d7d4e358a2a09271c - BTC: 2.2051, USD: $63,948.33
[2025-08-04 12:25:11] 023b7d213ed28973b0a85d0c2e79980de12247a377c11b1d28110f7d99d014af - BTC: 0.0718, USD: $2,082.75
[2025-08-04 12:25:12] 4fc5a32bb1ce3e4bcbba33aabed928f1f5542cdefd9e3489a96339184f529de9 - BTC: 0.0640, USD: $1,856.13
[2025-08-04 12:25:14] 70f7356f748c189b1f90300d16fb4ec295ab2185f28940f0139576e19d4f61c4 - BTC: 0.2067, USD: $5,993.35
[2025-08-04 12:25:14] e56dcdd8c163e3c34b14cee99d479daeba46b4b4e9f6e26d2cbd65f07a73faee - BTC: 0.4000, USD: $11,598.77
[2025-08-04 12:25:14] 1633285f5c14f3dd3a79b54274b66bf79619c3834126377be4bc98dec7c6746c - BTC: 3.4562, USD: $100,230.98
[2025-08-04 12:25:14] 5813d840997ac9984aec85ba8f44fcca31dee881ec25aa1f2705b4a465bec260 - BTC: 0.5185, USD: $15,037.43
[2025-08-04 12:25:20] e6964fe3fa94debccd5b09ef8fca7ea8d3c4ada89b0522801334612f097f3c38 - BTC: 0.0566, USD: $1,640.41
[2025-09-03 16:52:11] ae074cccd67f92e1a1178b6fc11071a9ffc9665ed571342d8bd6db3ba19e4696 - BTC: 0.5000, USD: $14,499.92
[2025-09-03 16:52:11] 214e5a1ac9946a3b45d3376f86b061cfe1401554605330e29908a2d4a72548a3 - BTC: 2.7439, USD: $79,573.42
[2025-09-03 16:52:12] e43b2f0d503f297d23b8bb0d1077872c9d2b5e953f5abffa4867989df7234fc9 - BTC: 0.4002, USD: $11,605.72
[2025-09-03 16:52:15] 26c31a5563129179891e9ac6eef116fa0cce7a0b32ed032aef5e6f38374dbc64 - BTC: 0.6171, USD: $17,897.27
[2025-09-03 16:52:18] 6adfa04c228a743f13db4baec5569cc0a7d0d702c550aa01db4d99d5d8eb5868 - BTC: 1.1464, USD: $33,244.23
[2025-09-03 16:52:19] 26da1d7e5c03e73e191432b3cbb4536aa44f746e8e72e39ee900b0d455692561 - BTC: 283.4699, USD: $8,220,627.99
[2025-09-03 16:52:19] 61d3f570776a003d83cf9e6c17bab06e3dc75c60e8c296a4b3f101a12d7cc4dd - BTC: 0.0360, USD: $1,043.84
[2025-09-03 16:52:21] 4dcb4ba7813e23d743add8992944bfc30994adb58b1119a819e038edc30de304 - BTC: 0.7255, USD: $21,039.42
[2025-09-03 16:52:21] e9638d06c9791ae40c5b5ca216096d146c1da6e1ae10b256ea1dece31db57f39 - BTC: 0.0702, USD: $2,034.91
[2025-09-03 16:52:25] ba400e8a8ad724b3c7898d8a2c4af983147bf663ea252697676be83d4be4dd9c - BTC: 0.1819, USD: $5,276.12
[2025-09-03 16:52:26] d2de5c5b85b14e90299ba7c717afc92f96fb48dcbbc539ad35dcb6a218d5830a - BTC: 1.4991, USD: $43,473.35
[2025-09-03 16:52:26] c96af8a82fc34514f722054c94c2cdf50bcb714506856f03fd9ff786ac6662e6 - BTC: 0.0357, USD: $1,035.56
[2025-09-03 16:52:26] 129230dcb601fa977d5bcbb476f787db2193348b05d53b62bf032dc401f0ad40 - BTC: 0.1563, USD: $4,531.40
[2025-09-03 16:52:26] 510cee1a77f9255921e233c86d87818467784887674afb421a36178c399fac57 - BTC: 0.3354, USD: $9,727.42
[2025-09-03 16:52:26] 6b52040a3d087405e27ca3337b16d13b28141db8d6f202b09eaab31d6f7ab6b7 - BTC: 0.0752, USD: $2,181.15
[2025-09-03 16:52:28] f85468ace91abd7313d24a0e7df1308451805b50d921e12bfebaa08f078308d9 - BTC: 0.0458, USD: $1,328.54
[2025-09-03 16:52:28] a2d77ab6e8ddeea3c5cf84054b8b0dfb4b5b93ad677cd130621e7fb84437d046 - BTC: 0.3005, USD: $8,714.14
[2025-09-03 16:52:29] 30bc3d7b1448a2fde7623e2e54d41df12fdc2b91e7872170ce490162bdd82350 - BTC: 0.2521, USD: $7,310.16
[2025-09-03 16:52:29] 6bc2ab18fddb991bdbf634f3ecdcc2ee2f9c6a521ec10ce450c5b12108a145ac - BTC: 0.4001, USD: $11,602.07
[2025-09-03 16:52:29] 5ffcd61dbf0a62b80182a8b4e37e7e57bd9e4d0be31afe1da1c6143ec740e707 - BTC: 0.2000, USD: $5,799.96
[2025-09-03 16:52:30] 7c4bc6798103ea76d127ae2d03f4a9e4ef4af774a627c8f7c2891723795f23be - BTC: 0.5782, USD: $16,767.08
[2025-09-03 16:52:32] 3a21c227a66ed8ede83ce59ed9389f76aac74dc2a278c96561d5deac113c560d - BTC: 0.1230, USD: $3,566.86
[2025-09-03 16:52:34] aa2fbce64de09a630d6d7b0376562aaa781880e58eebc1b8d0d69e624252b864 - BTC: 0.0485, USD: $1,405.16
[2025-09-03 16:52:35] 90344cb01452396c5d457997b57cb470fd85050fb596f5399d847116672cb69e - BTC: 0.0518, USD: $1,502.34
[2025-09-03 16:52:35] e13635d8434ac74c964577587e55f49487e90137105a8fec2c53a528c1412e60 - BTC: 31.5689, USD: $915,497.33
[2025-09-03 16:52:35] cdd6bb95dc0a3d434f6a9a9fc11da3cf0d18779535bfc1d78e0c2b7a8ffd8da7 - BTC: 0.0617, USD: $1,787.94
[2025-09-03 16:52:36] 7f372fc352b57cc30b981cd52a615ef478a1e2856f178244ec2d4baa2a2909e2 - BTC: 0.8569, USD: $24,850.08
[2025-09-03 16:52:37] 6db875f4de3e2a84ae1f236f02261717b50e7e910ef6dd6608d6a32b134f4bad - BTC: 0.0603, USD: $1,748.45
[2025-09-03 16:52:38] bb8b72d257f186269df2315098b8d52691f5e31da00822379a53cc58f0167c73 - BTC: 0.2283, USD: $6,619.36
[2025-09-03 16:52:40] 1097ae7cde32bec6b5dfd0b6dc224b01932a3fd4c680f848f6f4474e04ecc2fb - BTC: 0.0805, USD: $2,335.36
[2025-09-03 16:52:41] 93aada76a8687c4ae9c1f17b7e158da06b0426448fdf93a46560a557ce24b4c3 - BTC: 6.1443, USD: $178,185.80
[2025-09-03 16:52:42] a4cab21d23c5802eaa64c644c888568dcee9efcb2d2fb4a4d3aa5e6a02ef0180 - BTC: 0.1637, USD: $4,745.87
[2025-09-03 16:52:44] c9c706d61ecf0de2436242f3784e200d9f052d7f7f75c98377355e62a83bd4e9 - BTC: 0.1334, USD: $3,868.21
[2025-09-03 16:52:44] 6b9c0142327e5f53b4833349f62a114047d4c7114aebe5c715d25537015511d9 - BTC: 0.9990, USD: $28,970.66
[2025-09-03 16:52:44] 9869fc1bb25aaaac4f34fc2ad98005aaf7a60019abdd9e58239881cccd7acc78 - BTC: 2.6938, USD: $78,120.83
[2025-09-03 16:52:45] 926c8a7b07721d8b1174d6bc1c08ac63da4b6190abee5e9cd0429420894b7bba - BTC: 1.4139, USD: $41,004.54
[2025-09-03 16:52:47] 0369b18dfc5f39a18e043f9f69ac023150fcb8a378fecdb2771cab6a747cd890 - BTC: 3.1367, USD: $90,965.34
[2025-09-03 16:52:47] 083322d9785b4bdf4fa9a46f1ca2c16d152716ad9bec47840108bb216db3bdc5 - BTC: 0.3432, USD: $9,952.96
[2025-09-03 16:52:49] 6aa1453e2da7bb1e6a316cc52b24242acbb7e8025856729d13adaea31e4d4726 - BTC: 2.0000, USD: $57,999.81
[2025-09-03 16:52:49] e0d15658482e2af7aed6e6d8bc23714b145752c3d896c9b35f7e0716c82c9328 - BTC: 0.0428, USD: $1,242.43
[2025-09-03 16:52:50] 43992a54661345adb6adab109354401bbcc0743d4d9a0e8780651544432ea7f6 - BTC: 8.7859, USD: $254,790.97
[2025-09-03 16:52:50] 8af58a7c0dc9643fc844b6bf2b281c238c97a3fd759fc4d751ed68c0d26b0b67 - BTC: 1.2985, USD: $37,655.60
[2025-09-03 16:52:50] 4db9fba5292a2e90ba7ffd9c306fc946cdc32f464c612fd86138a7a4be484d8e - BTC: 0.1572, USD: $4,558.76
[2025-09-03 16:52:52] 8f315afe21e9a208f323f055d23d58c9c9bf13976ac286a07dd3d86453f88c8b - BTC: 0.0624, USD: $1,809.34
[2025-09-03 16:52:52] bf64d35e864e072a34f5729749e5d3cb0a7e762b93460bfe2e0a6cc15ca44be0 - BTC: 0.0442, USD: $1,281.83
[2025-09-03 16:52:55] e609efa854e9f7b1c0bb79d5cd5ef10faedbf51bb712bcb8246822b8e251e99e - BTC: 0.0812, USD: $2,356.19
[2025-09-03 16:52:56] 1776b47bb9ccfd0c5b674c7cc5bd5c130981f2c054258823df40dea8e44f4663 - BTC: 418.0406, USD: $12,123,177.53
[2025-09-03 16:52:56] 7d695681be140a1913f2387e03fb30abe313731aca3c2946ebdc71921aa0cd20 - BTC: 0.0541, USD: $1,569.29
[2025-09-03 16:52:56] 5be937bf6fde6e6c2ee8be6e2582a20d4fc9474e979f4a656c2fca6e832ff310 - BTC: 16.9492, USD: $491,526.97
[2025-09-03 16:52:56] 17623479c1a308b04c60073e22da267e0250fc9dc7cabaf44f3cbab3b1bdba15 - BTC: 0.0352, USD: $1,020.49
[2025-09-03 16:52:56] 3bf5c88b7ec08e23eb89a37604ccef6bdb80af4165afa002a692b764ca1127bc - BTC: 0.1895, USD: $5,496.00
[2025-09-03 16:52:56] 07c466ceaed78f5b6926bc85414167c580f4167113c8002efbf8e2cda222c4dd - BTC: 0.0541, USD: $1,569.15
[2025-09-03 16:52:57] cf2648ac7f83be5e549323ee402af6601941e4b64734f80a483ff7af0c274cfe - BTC: 0.0442, USD: $1,281.56
[2025-09-03 16:52:57] 533681f721f116a7935c9b35af8eb9c60c0cf44aec3d9056a113b92472d99311 - BTC: 0.0586, USD: $1,700.51
[2025-09-03 16:52:59] 91625a15a2ca2ffe0cdd6b046763d9807cf74628d4f05cacdf00aef4f36ff7c5 - BTC: 0.0442, USD: $1,281.43
[2025-09-03 16:52:59] 5c46eeb93c40097a77f457536a8b73ddd30c07a0da77f0a691224ab491b7265d - BTC: 0.0446, USD: $1,294.69
[2025-09-03 16:53:00] 1a00b2b6eb9271d3293389e60767bc9469eac58b6aace3e8a1bcddf3c7992e94 - BTC: 18.6072, USD: $539,608.95
[2025-09-03 16:53:01] bf6618c4b997ef0d85a6bfa408c91254dc508ade9de49afd0e6282619a1e95a1 - BTC: 0.1236, USD: $3,583.51
[2025-09-03 16:53:03] 6cb463ce20ab5572aaa220d9866013bffb0b032971c77b926d28a04d615a8dce - BTC: 7.9893, USD: $231,691.04
[2025-09-03 16:53:05] ce6afa86626cac15ece8eb00a9f5baac522597dbbf9299b8594a08749d19dbdf - BTC: 0.1350, USD: $3,915.08
[2025-09-03 16:53:08] ea7c0f2de6c7f7db7ad536721ec3ee6858c560759e16420ffa0cae273d9a26a2 - BTC: 0.5198, USD: $15,075.43
[2025-09-03 16:53:09] 682fec6ffaaf3d33f57f1c86849b2f5428722b4204608111470b679f53e97a4c - BTC: 0.3852, USD: $11,171.92
[2025-09-03 16:53:09] c9f735ce8aa427b9a534e4a322a7b2dff7fb410c540513c258f1e8e4f6a6b5bd - BTC: 30.0644, USD: $871,867.98
[2025-09-03 16:53:09] 31c42e4e3f9c7fc34e308734584b6e575a327a40aa332a0cf25eb9635d098352 - BTC: 3.0345, USD: $88,001.88
[2025-09-03 16:53:11] 2dfc79aed889f4bed5748231e6c3fad9463f0d10ae9df71e00de320b00031b3c - BTC: 0.0751, USD: $2,179.25
[2025-09-03 16:53:11] c04c3d78a1ba55a19f223e2f28810e2aed8bf82828ad7bfb49d5cce9064fa5ff - BTC: 0.0532, USD: $1,542.09
[2025-09-03 16:53:12] 9143d501449f896d3684b0daacb59d0a64d9890b069da19f71a3259818963e7c - BTC: 8.7630, USD: $254,127.58
[2025-09-03 16:53:15] 9419479fa30c7b21937dacccbd42e4deefe17ad25b3417f5b20a38b68ff82dd2 - BTC: 0.0416, USD: $1,206.36
[2025-09-03 16:53:15] 4874caf5a52123d13dfe1c8273a426d33deb2246f16b3ec6bdef7b8971bab74f - BTC: 104.2821, USD: $3,024,179.74
[2025-09-03 16:53:16] 3c34e1abcba6d8df92c239ec9aaad160a83a81440a0b815e9e392ed9a66b1fb0 - BTC: 0.1110, USD: $3,218.60
[2025-09-03 16:53:16] b798e03df722982a2dafde38eacecd8a93324582cbbefbb186358ef0c75f8b90 - BTC: 2.8073, USD: $81,412.87
[2025-09-03 16:53:17] 367b2c9d038b776e3b2fc3aba0f9cf0855dec299c84713971e8f96716929d21f - BTC: 0.4614, USD: $13,379.52
[2025-09-03 16:53:18] 4e20bb5afffc70baaa6d0df05792f01aadadc3de1bdfda1ddd93777cd5de701a - BTC: 0.1000, USD: $2,899.78
[2025-09-03 16:53:19] f1729380c475b607a466b8125272b47bdee1a93173bb6e6c06aa3624e34474d3 - BTC: 0.0442, USD: $1,282.81
[2025-09-03 16:53:20] c4c4f83c912a6de96f66ff5fbd7f700a963a9e444757625add8089549ea9aa32 - BTC: 0.1969, USD: $5,711.26
[2025-09-03 16:53:22] ead24496ca8afd10c11c12c16b11f982d77c89a2f5d49f4659cc44be3e09520c - BTC: 0.5051, USD: $14,646.57
[2025-09-03 16:53:22] 9e0beef41337b2971e21da9b6b7f2b7ec50df395bebb30fcf8489802e9856748 - BTC: 1.9218, USD: $55,731.49
[2025-09-03 16:53:22] a5488fdeede8f90e45cae9d3883d41c04e2e4eda87e7ae7d98881b1f7a40388e - BTC: 6.8478, USD: $198,587.59
[2025-09-03 16:53:24] c9b0fa88dcb24c82b0b8c769681bec07a049f29acd801f892cd9f13708994b3d - BTC: 0.0788, USD: $2,284.59
[2025-09-03 16:53:25] c28968f65aae2e361a334924d852506fe6f0c3197cc72c6c6a56058ffcd28de5 - BTC: 0.6455, USD: $18,718.24
[2025-09-03 16:53:26] c665ee78a57035dbadb4d703eae1e1a4e72a8bb31070c759fa77b9fa5369cb50 - BTC: 0.0448, USD: $1,299.27
[2025-09-03 16:53:26] 5fd8215b8a51dde60520adc732ebd03d4ffb1676d345df912c35bca6001edf71 - BTC: 3.9890, USD: $115,680.81
[2025-09-03 16:53:26] 2c90f64bba1db2947909d713d7f23892cb1ff99f4bdd2a8d9786915b9589efb4 - BTC: 9.6784, USD: $280,674.37
[2025-09-03 16:53:26] baa2db214e8e95069f9bda9adb7ae84357daf6e31a2b46c7e63a91cc3e3d36e7 - BTC: 0.9162, USD: $26,568.88
[2025-09-03 16:53:28] 7fd0c6c475440b00a8949aec73aafb46d61eef217a3e8e9f43922a034641cf95 - BTC: 1.0000, USD: $28,999.96
[2025-09-03 16:53:29] 8219cbb38066f0a7312aeee602ebd1518313bdf220f97423bd095cd8457a85a5 - BTC: 1.4578, USD: $42,276.86
[2025-09-03 16:53:30] 52ff62f5407395dd3375639bcf33f23ef6a3881cb63da41606f1d018a156c947 - BTC: 33.2815, USD: $965,164.37
[2025-09-03 16:53:33] 3e426fe3fb634387b1bf7dc9a547c34402f7905e1bc7252f205e69df5f6d981a - BTC: 0.4398, USD: $12,754.50
[2025-09-03 16:53:33] b396c8e6a4bf81920957e61b42dccdbb085644ecbbc2180df6f3e26b44aa435b - BTC: 0.1972, USD: $5,720.09
[2025-09-03 16:53:33] 30e15ef224bf65a815bc1869b7456ece5de93f286be1fda60458faa71af1a405 - BTC: 9.0471, USD: $262,365.21
[2025-09-03 16:53:33] 54e7b6ed4cb078d87314a922530ec8e791416c41f643b20d30f852bff2e9e388 - BTC: 0.3229, USD: $9,364.99
[2025-09-03 16:53:34] 8dffa38d5a6368b8aeae366ca417263ea6bcd81dded57e27775ca81c919397ba - BTC: 0.1988, USD: $5,766.46
[2025-09-03 16:53:34] a7263940890c78f7b734a2d2e73ebc86cb5c2a4c8b556baf17de919fd848d339 - BTC: 56.7455, USD: $1,645,619.29
[2025-09-03 16:53:35] 0fb67ceae2152a6b3fa6ad17986a7478198c731f001a17247c1be60c8dc87358 - BTC: 18.5725, USD: $538,602.41
[2025-09-03 16:53:37] a8ffb8d44b395f73f5cfd795e2843d357d00ede6c4d81e54bf7108728353cf57 - BTC: 1.0562, USD: $30,630.90
[2025-09-03 16:53:37] 828a1c8dbcf04286d46e5bc38ba147323cbb4320a54739289f7309fc2968542b - BTC: 0.0472, USD: $1,368.45
[2025-09-03 16:53:38] f4e7f7fb6ba9717c07ffd3e628e94e80c4719b7919d0454235d1c09433d6a2fd - BTC: 0.3080, USD: $8,933.07
[2025-09-03 16:53:38] 5e3b246cbfe09276e39b04d55ba5501e3222447eaaa4ee1c3dea51a4446590c6 - BTC: 0.0350, USD: $1,014.03
[2025-09-03 16:53:38] 55bebce34f86f879b9c0162a5cbdf35e5855e6e3e960657e88fdbabcf8250004 - BTC: 0.0697, USD: $2,019.94
[2025-09-03 16:53:39] a18b446d8e7f0d69a6297e3fab8d684a2a888eb04797835e27b669c4d50a6cb8 - BTC: 1.1661, USD: $33,817.28
[2025-09-03 16:53:41] 8244d36042bdbcecaf065385eb46ff894f3f56d3fee7813ee5fcfc2cbf2c0310 - BTC: 3.6500, USD: $105,849.88
[2025-09-03 16:53:42] ade557e438630788973433da56d0d072c791aa7500925e7abc06c450b15559bd - BTC: 0.1082, USD: $3,138.03
[2025-09-03 16:53:45] 95ca7f354934c1ce82bf9739a63b4fba39af47ba07a1c13bd59d5edbe847010a - BTC: 1.6383, USD: $47,511.32
[2025-09-03 16:53:45] cda30d61025689dcff8ab22a001c60c5d36293940029c83360b82d21e7eb8553 - BTC: 0.0895, USD: $2,595.04
[2025-09-03 16:53:47] 962c0f69918da75307eb6d54541102bfd2f2afda815833e41987fb23bdde98ab - BTC: 1.3780, USD: $39,961.17
[2025-09-03 16:53:49] 25f05b6a4dd2081d348d4236622e36e3d948c4d1ec64b80a70d8c1157a0e1d0e - BTC: 0.0746, USD: $2,163.40
[2025-09-03 16:53:56] 85c887968bb332ee774035b9bc38c9eca1afc9acaf03dee1ee324c420a2dbedb - BTC: 0.0619, USD: $1,793.96
[2025-09-03 16:53:57] d19764b54101c2eda3fe1d3df3dec5e5465c28f1b5c7225a17930cd58f9afd1d - BTC: 5.5636, USD: $161,343.07
[2025-09-03 16:54:00] 8a9f9de363f3afa62d2d8c5e096ce237f243c0e4e0cfd581933b711155e9f072 - BTC: 24.6078, USD: $713,624.85
[2025-09-03 16:54:00] 00d152087cf882447d030c13fb7c7e0b9ef2f6af689a98e5976af97087e5803c - BTC: 0.0803, USD: $2,329.54
[2025-09-03 16:54:00] 712ebd593d84329d8758697ce066286b33fccd2e49067db3cd06b7aa738a214c - BTC: 0.3971, USD: $11,515.00
[2025-09-03 16:54:00] e6527fe7558d54e2c7b74c2f7971b870bd7a618360a36d3dbff85b66c38471e2 - BTC: 18.5143, USD: $536,915.92
[2025-09-03 16:54:00] 66f5e12ea047ae538c091d3cc0b5e933d62c9d92e832743f3c34678551066ffb - BTC: 0.0460, USD: $1,332.56
[2025-09-03 16:54:01] 79ee95a6a0c5feecf11a057bccf79f1d25f90e87acfe99294dca0a75f97f9cbb - BTC: 12.2004, USD: $353,811.97
[2025-09-03 16:54:06] d091154566bc2be2f4ff3612f6749238b3d7b82e1a2abfed76483d7afb663d16 - BTC: 0.1049, USD: $3,040.85
[2025-09-03 16:54:17] 541bd071e807ff91e213a5ff624eb133104083a2333873d636394736541f5a02 - BTC: 0.0583, USD: $1,691.77
[2025-09-03 16:54:17] eafadb98aa4ce86215667b733428a7e03e4bd82c87f4d969a5844ae8109b5f5c - BTC: 18.8493, USD: $546,628.49
[2025-09-03 16:54:17] 0860030d7087f737f480b671868313ba6487a984ae5571c5ab14aa3349617773 - BTC: 0.2409, USD: $6,986.89
[2025-09-03 16:54:17] e7641581c8f569068725656395303a264b9cba35cafbb7f493e3024ce6836cb4 - BTC: 2.6700, USD: $77,429.63
[2025-09-03 16:54:18] 4405f92e923e3419a22d1523a351629dc0741f3193092fdfac1aad82f2fdb36c - BTC: 0.4506, USD: $13,066.38
[2025-09-03 16:54:18] a3e10492f59d69a1d0960b643e85f30db7aa78e12236eaf2a106098dd7d1a883 - BTC: 0.4500, USD: $13,050.43
[2025-09-03 16:54:20] 39da60498d694bc396d6e89b7678cc2b69e36ef702abd70deced7852b82598fc - BTC: 0.1886, USD: $5,469.47
[2025-09-03 16:54:21] a76fb69d844eb7b042784961e5ce224799a3544d4dbfad378f44eef87be48e78 - BTC: 0.3997, USD: $11,590.30
[2025-09-03 16:54:21] 092f39b03def5e1029cb0ed09810fe9cb91dfc0b2f2a11ac5a8d49452a47d17b - BTC: 0.0900, USD: $2,610.00
[2025-09-03 16:54:24] 234fc6e276f30aa153b7dd4fe24bcacd3efa023cb0cc56f601a062bc8b1b994d - BTC: 0.0408, USD: $1,182.06
[2025-09-03 16:54:24] 226f7937a5b8f76de86b0ef67e1c165d5356320f7ef45e4ffa497c162f94bb01 - BTC: 0.0503, USD: $1,457.72
[2025-09-03 16:54:24] cb44b5bf8f21d5141d1cfe3febcd6535baadeca6a629f81d428f9616b4ba93d7 - BTC: 2.7190, USD: $78,850.48
[2025-09-03 16:54:24] 0efe37ffea6ce33621d58995a8573ec9799543fca8785ea764b22efa298d3b37 - BTC: 0.0414, USD: $1,199.96
[2025-09-03 16:54:25] 440013612b202f8a12f49291eca7f9bb47074939bb252d323613a611c4870ebe - BTC: 0.0480, USD: $1,390.70
[2025-09-03 16:54:26] 31389dc73089d2852a6911267740d414c87758f1db1c53e8b7d1c2c1a8fd7879 - BTC: 0.1494, USD: $4,332.92
[2025-09-03 16:54:26] b19f8217e140fc0c055595dacc8ae8a0d80bb0c49beeb0ee23762b5ce87b5b62 - BTC: 0.3819, USD: $11,075.94
[2025-09-03 16:54:29] 2cb9448219520b199a9f34477c50f2235f88445262d9f605b43ed337ce1df86e - BTC: 0.0500, USD: $1,449.93
[2025-09-03 16:54:31] 7ee9ccf9dc33f84065901c18d1cf029de4c2180128aafee0e5d61a6a2b0cdf4a - BTC: 0.0672, USD: $1,949.50
[2025-09-03 16:54:32] a95cc2e553dac4cab9c26e536a2f07a4f50edb895abc2fc3fe5184efd6afa67e - BTC: 18.5106, USD: $536,807.89
[2025-09-03 16:54:32] aee819b87452571ee228e88c90ce8b1cbf481bd941e8a3ab1d912d3b96b970f7 - BTC: 0.0952, USD: $2,759.69
[2025-09-03 16:54:33] 8df705c13b70644c218e9ff4e9c3b76df92594c2465d8ca2a466991a63602716 - BTC: 15.2777, USD: $443,054.68
[2025-09-03 16:54:35] 449d1dc404ddaf6724cbae77246fd60fe9602a0778925525c2de773fcad9e23c - BTC: 104.2821, USD: $3,024,179.58
[2025-09-03 16:54:35] 63b34b54fcfcd73570ba1166545ad03598e4de3a21fda0b32c78179d7f98f6f7 - BTC: 0.1883, USD: $5,460.53
[2025-09-03 16:54:35] a99fc7eaff8ff2a9fac9e6fb924b752217f868bf32efe8de214e020cab0a49e9 - BTC: 0.0995, USD: $2,886.42
[2025-09-03 16:54:36] 8012e1354919752bb4213ffea9fbccd1bfa68a8e5c2b197ce334fa2713992b31 - BTC: 0.2682, USD: $7,778.56
[2025-09-03 16:54:37] d382dff5487dd6b1d7624658aef26f57aded741e4922d4c1ff07bbc12eeb7856 - BTC: 0.2617, USD: $7,588.97
[2025-09-03 16:54:37] 2c299e7e024db710a1936e078dd3bf77ffe92e129520d88f721348c7b2105f10 - BTC: 0.8190, USD: $23,752.42
[2025-09-03 16:54:37] 1786f4ab5412bb64a1b7b7fe318433c51f1c9cf1cc7e71665b28711b8a4403be - BTC: 3.4179, USD: $99,119.18
[2025-09-03 16:54:38] 6b30446b0efbeb3d8fbdaa2b39dbc59d6b92359b4f28570dec811d81b5354178 - BTC: 0.0397, USD: $1,150.29
[2025-09-03 16:54:39] 6025ecee81b3bb2b278ff0731b322c9fc6542fa818a2e3d4844ac6666f5ac4a8 - BTC: 0.0382, USD: $1,107.43
[2025-09-03 16:54:39] 8032693420967b4da055855f91f0a4e3be93063d136c0bb1bb0995b985514cf0 - BTC: 0.0441, USD: $1,279.99
[2025-09-03 16:54:39] 2bc09f94f9eb52e6a9fb3f6c04f2e55141999f8399a76d20934435b554ea4219 - BTC: 0.0440, USD: $1,274.68
[2025-09-03 16:54:40] 3b9d1de87c0d753334d7b3833f627aeafdd5261c6e86f920f9b0d11348dfa2b7 - BTC: 0.2011, USD: $5,830.60
[2025-09-03 16:54:40] 30b2b4173f45300c1024009783c789f056c2ec6e58bb59c31465a02426affdfe - BTC: 0.1515, USD: $4,393.82
[2025-09-03 16:54:41] fb1811f076fc19a344d67bae28d0813abbdab6bf5b031e6871e0acc3bdf1644d - BTC: 0.0468, USD: $1,358.63
[2025-09-03 16:54:42] 44fb7b86ff1faef12cd02af07b1611b45248868e655bdebc207ce41a10286025 - BTC: 0.0473, USD: $1,372.06
[2025-09-03 16:54:42] 47eb442b39ea0623572e44bd359d38a342449c36227ad2820076993ff5eebf19 - BTC: 3.6765, USD: $106,619.82
[2025-09-03 16:54:42] 851ba986d87cca4a6776f175b4fa288392a9e0aea8c5c1e4a816782a636ff84e - BTC: 0.0848, USD: $2,458.71
[2025-09-03 16:54:42] 7edce3c19551b5be964b34b3d4c779772213e694ca8bdb54d332039658e7ece0 - BTC: 0.0867, USD: $2,514.44
[2025-09-03 16:54:42] c33585bc6d616ad54d2bc0d7e49c012506af942f03d078c4b1000a91e2e4a1f3 - BTC: 0.5718, USD: $16,581.57
[2025-09-03 16:54:42] 43ee52ae621f0723b527fa122b844802cc94d4c89ac034e5e0d01fd2a4d948a7 - BTC: 0.0764, USD: $2,214.78
[2025-09-03 16:54:42] 7a2364e17fdc627746bc90113e37cd9662ac7c299a97d7c6011c485f7df1a094 - BTC: 2.9899, USD: $86,708.49
[2025-09-03 16:54:42] 5c9e173a7df9a03daaf85d013de2a62d66301073023634106b07f8689d9b5181 - BTC: 8.7844, USD: $254,747.54
[2025-09-03 16:54:42] 0d923e702b51bf866e29fbc1696c058279675a22e2fc66bedb7e2c1d32ee049a - BTC: 1.0848, USD: $31,460.21
[2025-09-03 16:54:44] 934d1cba5531a114c0c68e9c60337e091795831446625cfbdef6fdc1c7582535 - BTC: 1.2352, USD: $35,819.72
[2025-09-03 16:54:44] 990586904c4ddff17bc21df139ae1057bd9c9d79d3bc5e10e036a228a007afe2 - BTC: 0.1012, USD: $2,934.95
[2025-09-03 16:54:46] 625d971b931ccf73d510c92c53d3231dbb85e67d9e306a3bd7ea5e423b2197ef - BTC: 0.8262, USD: $23,959.76
[2025-09-03 16:54:46] 77ac943829ace8740e9d67567c3c3a2be0c48cb9c52e5d98342b8549de269a9b - BTC: 0.7422, USD: $21,524.97
[2025-09-03 16:54:46] a6bbe9b56db465c92e6c4d3b8c441c3c40b4d0052d8f56c3c60e9b4faf8745c6 - BTC: 0.0559, USD: $1,620.05
[2025-09-03 16:54:48] a2a7677fce31b213fccd11008c989577bbec8a688e440117eaaa4f4388f8e9d2 - BTC: 2.6538, USD: $76,959.01
[2025-09-03 16:54:49] eebc47ec0ab64104d315682e99a4142f60b480c57820d042cea6428a702d3461 - BTC: 0.1171, USD: $3,394.77
[2025-09-03 16:54:49] d8da96502ab3c6d4cd5ab25ba2ff27226d99db8b621065621b044a1e1130960e - BTC: 0.2296, USD: $6,658.72
[2025-09-03 16:54:50] fa003d8a6eaf0b7d5f632227cc38cc8d62683a40102a5b7b3fbea5653239af7e - BTC: 0.0407, USD: $1,180.98
[2025-09-03 16:54:50] 8c190a3c1a93c2f153fe981427b17ab232fe79ea7273e87955e83e174491aad1 - BTC: 1.7569, USD: $50,948.94
[2025-09-03 16:54:50] c200fab435da62a251e0c2dd8804e008b225c2cc5ad7a7f58a24d8edc4a36718 - BTC: 9.8538, USD: $285,760.82
[2025-09-03 16:54:51] 3d91df5b90176f600400438da8b34591df8ada2c93b9eeadf442fc5b50dc0aff - BTC: 0.0720, USD: $2,087.36
[2025-09-03 16:54:51] 41ed1d1a282f8d5ad606143e27789db77b777ef94801da4a44719666b453508e - BTC: 0.0499, USD: $1,446.93
[2025-09-03 16:54:51] daa5db225a3ffbfd8f2a4106d91ec9054e8024352475d10af56090c02b4510b9 - BTC: 7.1600, USD: $207,639.07
[2025-10-06 17:40:24] 57d75ad96ee7a84ba07f7a93f3aaf433da421bc53cce779162ac686fb7217d23 - BTC: 3.3917, USD: $98,360.29
[2025-10-06 17:40:26] d6c3a29949e02c07d86b91a2311b903d1732b17344c92506c0836f354ca0aa8d - BTC: 0.1330, USD: $3,855.70
[2025-10-06 17:40:26] a997da0974b07f21552b8f34db32a844fc24b77f6c87840b1e8ee947184c2e00 - BTC: 4.7038, USD: $136,409.26
[2025-10-06 17:40:27] 654089be1f765e6c02bd6b8c635011dd53ae83ed570d6ba141c87f611cc3f548 - BTC: 1.8626, USD: $54,016.11
[2025-10-06 17:40:28] 5acbb231c6bbd30d56550402a68725f758370e2a935f50cda4a63d3f75d2efb6 - BTC: 15.0080, USD: $435,230.90
[2025-10-06 17:40:28] d835e27e33d096fffab1b9f17df0d238ad3d59d8b0177666ae7cf0691d2862cb - BTC: 0.9062, USD: $26,280.61
[2025-10-06 17:40:28] 21d161c4774b593e6f53ca1fc4e2560cef5bc5b3aa4d963541ca5d180dcbc4f1 - BTC: 9.1087, USD: $264,151.60
[2025-10-06 17:40:28] 4640d15626008439acb28e7962382e295bda6828f754400b484c68d1e87784e6 - BTC: 0.0624, USD: $1,809.32
[2025-10-06 17:40:28] 6f015e3f886e857f858f2ba010ee670a55e0e47e8308cbbc3a17131716fa09f7 - BTC: 1.7198, USD: $49,875.23
[2025-10-06 17:40:31] a5e9a7d33316307bc7b3acc194b02a022512b7f30eb19ec9d3307578d935d415 - BTC: 0.0595, USD: $1,725.52
[2025-10-06 17:40:31] 8cd3b754993711ac6ae161e1947330444c2bdf13fcc77a7e5a2bc664e6c0b3ad - BTC: 1.4167, USD: $41,083.07
[2025-10-06 17:40:31] ae9d7e471faa1f5184e162b77af58ddbd522374ae18d331f41bad62bf20811e7 - BTC: 2.1407, USD: $62,080.94
[2025-10-06 17:40:32] a2ab7383b859b703e5497bc62ecbb09103330397be1bf9969c354f8308577212 - BTC: 1.5186, USD: $44,040.19
[2025-10-06 17:40:32] af83e9717b12a4e7f9eea170c518300592bdd067d7fbd18e15a6ed151c3b0e35 - BTC: 6.8582, USD: $198,887.37
[2025-10-06 17:40:32] e0ea99d46e911ae270e1eeb975930dbfdb7321e47202a8a157a5b4050acacdf0 - BTC: 0.4007, USD: $11,620.99
[2025-10-06 17:40:32] 8edfce521820333429b6fdbdbe29f7163f24ee927ac683d0079016f9547d0ce1 - BTC: 1.2956, USD: $37,572.88
[2025-10-06 17:40:34] 124f0bc3d08e3853583c0f2a5fc8b9547ec36463e801aa7a63e7fa03a0fa4a89 - BTC: 0.1301, USD: $3,773.34
[2025-10-06 17:40:34] 8b09255245260f07ea312459d098bf9d1d252eaa2dc51f00fc969de65f5c2872 - BTC: 0.9630, USD: $27,927.19
[2025-10-06 17:40:34] 71423f65e0999029b0be63fbe078420c077009e3bbc1481a411bc0d5cbe13cbc - BTC: 34.6481, USD: $1,004,793.71
[2025-10-06 17:40:38] bd296aa4822c854bfb78e22dcda7a1693bac2b98265aa676a81c73996f38b2ba - BTC: 4.5054, USD: $130,657.26
[2025-10-06 17:40:38] 5a75a5864b51aff5fc910b1d5cb24ba3ab0e54221e875e05e039938b8666af6a - BTC: 1.6830, USD: $48,806.44
[2025-10-06 17:40:38] 7e7ad1e3a7487bd1756c511abe164ba0ac4bde6d71c50e2d294456c135926856 - BTC: 0.4049, USD: $11,743.34
[2025-10-06 17:40:38] 13001b1de839c3911c125c1b23a900279b5b153e8d1cdd8070ad12668675e082 - BTC: 0.0564, USD: $1,636.05
[2025-10-06 17:40:38] c8bdcb3b11ec8149a969358c234d7ef9658604c767ceb0c622b9fd39c7a492ad - BTC: 0.3308, USD: $9,593.78
[2025-10-06 17:40:39] 6aa95014d47270b96041d90a5ed3c816882af553962580e8d342b63a98267b64 - BTC: 0.1011, USD: $2,932.94
[2025-10-06 17:40:40] 351713fcb989fe3f15ef8d212b2fe8d816a12a00906c8c29da1a6a9bbec0c0f4 - BTC: 9.9000, USD: $287,099.92
[2025-10-06 17:40:41] dfae4b0ae201225e81a01ff30c6af09aa27434f852cea240990afee860b40ba2 - BTC: 0.0652, USD: $1,891.71
[2025-10-06 17:40:42] 6d4e2b4dfbbdc3cf5ed4afc1e0bed31834ab58f2cbba17f21f2d463f3f5f94eb - BTC: 0.6489, USD: $18,818.78
[2025-10-06 17:40:42] 8491764f566b093a9abeeb33fa510fc128c079b9bb89a7870fe8aece75b50cd5 - BTC: 0.4992, USD: $14,477.90
